Base path: C:/Program Files/Unity/Editor/Data
Cmd: initializeCompiler
Cmd: preprocess
  insize=9093 outsize=1346 ok=1
Cmd: preprocess
  error: 2 plat 20 at (34): Can't find include file FXAA3.cginc
  insize=3078 outsize=427 ok=0
Cmd: preprocess
  error: 2 plat 20 at (148): Can't find include file SMAA.cginc
  error: 2 plat 20 at (185): Can't find include file SMAA.cginc
  error: 2 plat 20 at (217): Can't find include file SMAA.cginc
  error: 2 plat 20 at (258): Can't find include file SMAA.cginc
  error: 2 plat 20 at (314): Can't find include file SMAA.cginc
  error: 2 plat 20 at (358): Can't find include file SMAA.cginc
  insize=11883 outsize=2283 ok=0
Cmd: preprocess
  insize=2378 outsize=1060 ok=1
Cmd: compileCompute
  api=4 insize=2749 outsize=4053 ok=1
Cmd: preprocess
  error: 2 plat 20 at (16): Can't find include file AmbientOcclusion.cginc
  error: 2 plat 20 at (28): Can't find include file AmbientOcclusion.cginc
  error: 2 plat 20 at (40): Can't find include file AmbientOcclusion.cginc
  error: 2 plat 20 at (52): Can't find include file AmbientOcclusion.cginc
  error: 2 plat 20 at (64): Can't find include file AmbientOcclusion.cginc
  error: 2 plat 20 at (76): Can't find include file AmbientOcclusion.cginc
  error: 2 plat 20 at (88): Can't find include file AmbientOcclusion.cginc
  error: 2 plat 20 at (99): Can't find include file AmbientOcclusion.cginc
  error: 2 plat 20 at (111): Can't find include file AmbientOcclusion.cginc
  error: 2 plat 20 at (122): Can't find include file AmbientOcclusion.cginc
  insize=3935 outsize=2201 ok=0
Cmd: preprocess
  insize=2339 outsize=989 ok=1
Cmd: preprocess
  error: 2 plat 20 at (21): Can't find include file ScreenSpaceRaytrace.cginc
  insize=41669 outsize=2064 ok=0
Cmd: preprocess
  error: 2 plat 20 at (27): Can't find include file TonemappingColorGrading.cginc
  error: 2 plat 20 at (139): Can't find include file TonemappingColorGrading.cginc
  error: 2 plat 20 at (149): Can't find include file TonemappingColorGrading.cginc
  error: 2 plat 20 at (159): Can't find include file TonemappingColorGrading.cginc
  error: 2 plat 20 at (173): Can't find include file TonemappingColorGrading.cginc
  error: 2 plat 20 at (188): Can't find include file TonemappingColorGrading.cginc
  error: 2 plat 20 at (203): Can't find include file TonemappingColorGrading.cginc
  error: 2 plat 20 at (218): Can't find include file TonemappingColorGrading.cginc
  error: 2 plat 20 at (233): Can't find include file TonemappingColorGrading.cginc
  error: 2 plat 20 at (248): Can't find include file TonemappingColorGrading.cginc
  error: 2 plat 20 at (263): Can't find include file TonemappingColorGrading.cginc
  error: 2 plat 20 at (278): Can't find include file TonemappingColorGrading.cginc
  error: 2 plat 20 at (287): Can't find include file TonemappingColorGrading.cginc
  insize=11123 outsize=2000 ok=0
Cmd: preprocess
  insize=3154 outsize=508 ok=1
Cmd: preprocess
  insize=5466 outsize=495 ok=1
Cmd: preprocess
  insize=40412 outsize=6150 ok=1
Cmd: preprocess
  insize=6280 outsize=983 ok=1
Cmd: preprocess
  insize=2378 outsize=1054 ok=1
Cmd: preprocess
  error: 2 plat 20 at (16): Can't find include file Bloom.cginc
  error: 2 plat 20 at (29): Can't find include file Bloom.cginc
  error: 2 plat 20 at (40): Can't find include file Bloom.cginc
  error: 2 plat 20 at (52): Can't find include file Bloom.cginc
  error: 2 plat 20 at (63): Can't find include file Bloom.cginc
  error: 2 plat 20 at (74): Can't find include file Bloom.cginc
  error: 2 plat 20 at (86): Can't find include file Bloom.cginc
  error: 2 plat 20 at (98): Can't find include file Bloom.cginc
  error: 2 plat 20 at (111): Can't find include file Bloom.cginc
  insize=3392 outsize=1744 ok=0
